{"type":"server-started","port":63147,"host":"127.0.0.1","url_host":"localhost","url":"http://localhost:63147","screen_dir":"/Users/maramire2001/Desktop/LICIT-AI/.superpowers/brainstorm/78738-1776558687/content","state_dir":"/Users/maramire2001/Desktop/LICIT-AI/.superpowers/brainstorm/78738-1776558687/state"}
{"type":"screen-added","file":"/Users/maramire2001/Desktop/LICIT-AI/.superpowers/brainstorm/78738-1776558687/content/demo-formato.html"}
{"type":"screen-updated","file":"/Users/maramire2001/Desktop/LICIT-AI/.superpowers/brainstorm/78738-1776558687/content/demo-formato.html"}
{"type":"screen-updated","file":"/Users/maramire2001/Desktop/LICIT-AI/.superpowers/brainstorm/78738-1776558687/content/demo-formato.html"}
{"type":"screen-updated","file":"/Users/maramire2001/Desktop/LICIT-AI/.superpowers/brainstorm/78738-1776558687/content/demo-formato.html"}
{"type":"screen-added","file":"/Users/maramire2001/Desktop/LICIT-AI/.superpowers/brainstorm/78738-1776558687/content/interrogatorio-layout.html"}
{"type":"screen-updated","file":"/Users/maramire2001/Desktop/LICIT-AI/.superpowers/brainstorm/78738-1776558687/content/interrogatorio-layout.html"}
{"type":"screen-updated","file":"/Users/maramire2001/Desktop/LICIT-AI/.superpowers/brainstorm/78738-1776558687/content/interrogatorio-layout.html"}
{"type":"screen-updated","file":"/Users/maramire2001/Desktop/LICIT-AI/.superpowers/brainstorm/78738-1776558687/content/interrogatorio-layout.html"}
{"source":"user-event","type":"click","text":"Opción B — Todo en una pantalla (rápido)\n    \n\n      Configura tu perfil ADN\n      5 preguntas · menos de 60 segundos\n\n      \n\n        \n          Especialidad\n          \n            🔒 Seguridad\n          \n        \n\n        \n          Cobertura\n          \n            🌎 Nacional\n          \n        \n\n        \n          Rango por contrato\n          \n            $100M+\n          \n        \n\n        \n          Acreditaciones\n          \n            REPSE + ISO 9001\n          \n        \n\n        \n          Instituciones prioritarias\n          \n            IMSS\n          \n        \n      \n\n      ⚡ Activar mi Radar →\n\n      \n        ✨ Pros: Menos fricción. El cliente llega al Radar en segundos. Más apropiado si la demo la hace el vendedor.","choice":"b","id":null,"timestamp":1776559124239}
{"source":"user-event","type":"click","text":"Opción A — Una pregunta por pantalla (dramático)\n    \n\n      \n        Pregunta 2 de 5\n        \n          \n        \n      \n\n      ¿Cuál es la línea de negocio principal?\n      Selecciona la que mejor describe tu empresa\n\n      \n        🔒 Seguridad\n        🧹 Limpieza\n        🏗️ Construcción\n        💻 TI\n        🏥 Salud\n        ⋯ Otros\n      \n\n      Continuar →\n\n      \n        ✨ Pros: Cada pregunta se siente importante. Permite animación de \"ADN construyéndose\" entre preguntas.","choice":"a","id":null,"timestamp":1776559128031}
{"source":"user-event","type":"click","text":"Opción A — Una pregunta por pantalla (dramático)\n    \n\n      \n        Pregunta 2 de 5\n        \n          \n        \n      \n\n      ¿Cuál es la línea de negocio principal?\n      Selecciona la que mejor describe tu empresa\n\n      \n        🔒 Seguridad\n        🧹 Limpieza\n        🏗️ Construcción\n        💻 TI\n        🏥 Salud\n        ⋯ Otros\n      \n\n      Continuar →\n\n      \n        ✨ Pros: Cada pregunta se siente importante. Permite animación de \"ADN construyéndose\" entre preguntas.","choice":"a","id":null,"timestamp":1776559129069}
{"source":"user-event","type":"click","text":"Opción A — Una pregunta por pantalla (dramático)\n    \n\n      \n        Pregunta 2 de 5\n        \n          \n        \n      \n\n      ¿Cuál es la línea de negocio principal?\n      Selecciona la que mejor describe tu empresa\n\n      \n        🔒 Seguridad\n        🧹 Limpieza\n        🏗️ Construcción\n        💻 TI\n        🏥 Salud\n        ⋯ Otros\n      \n\n      Continuar →\n\n      \n        ✨ Pros: Cada pregunta se siente importante. Permite animación de \"ADN construyéndose\" entre preguntas.","choice":"a","id":null,"timestamp":1776559131833}
{"source":"user-event","type":"click","text":"Opción A — Una pregunta por pantalla (dramático)\n    \n\n      \n        Pregunta 2 de 5\n        \n          \n        \n      \n\n      ¿Cuál es la línea de negocio principal?\n      Selecciona la que mejor describe tu empresa\n\n      \n        🔒 Seguridad\n        🧹 Limpieza\n        🏗️ Construcción\n        💻 TI\n        🏥 Salud\n        ⋯ Otros\n      \n\n      Continuar →\n\n      \n        ✨ Pros: Cada pregunta se siente importante. Permite animación de \"ADN construyéndose\" entre preguntas.","choice":"a","id":null,"timestamp":1776559132202}
{"type":"screen-added","file":"/Users/maramire2001/Desktop/LICIT-AI/.superpowers/brainstorm/78738-1776558687/content/interrogatorio-completo.html"}
{"type":"screen-updated","file":"/Users/maramire2001/Desktop/LICIT-AI/.superpowers/brainstorm/78738-1776558687/content/interrogatorio-completo.html"}
{"type":"screen-updated","file":"/Users/maramire2001/Desktop/LICIT-AI/.superpowers/brainstorm/78738-1776558687/content/interrogatorio-completo.html"}
{"type":"screen-updated","file":"/Users/maramire2001/Desktop/LICIT-AI/.superpowers/brainstorm/78738-1776558687/content/interrogatorio-completo.html"}
{"type":"screen-added","file":"/Users/maramire2001/Desktop/LICIT-AI/.superpowers/brainstorm/78738-1776558687/content/instituciones-ajustadas.html"}
{"type":"screen-updated","file":"/Users/maramire2001/Desktop/LICIT-AI/.superpowers/brainstorm/78738-1776558687/content/instituciones-ajustadas.html"}
{"type":"screen-updated","file":"/Users/maramire2001/Desktop/LICIT-AI/.superpowers/brainstorm/78738-1776558687/content/instituciones-ajustadas.html"}
{"type":"screen-updated","file":"/Users/maramire2001/Desktop/LICIT-AI/.superpowers/brainstorm/78738-1776558687/content/instituciones-ajustadas.html"}
{"type":"screen-added","file":"/Users/maramire2001/Desktop/LICIT-AI/.superpowers/brainstorm/78738-1776558687/content/waiting.html"}
{"type":"screen-updated","file":"/Users/maramire2001/Desktop/LICIT-AI/.superpowers/brainstorm/78738-1776558687/content/waiting.html"}
{"type":"screen-updated","file":"/Users/maramire2001/Desktop/LICIT-AI/.superpowers/brainstorm/78738-1776558687/content/waiting.html"}
{"type":"screen-updated","file":"/Users/maramire2001/Desktop/LICIT-AI/.superpowers/brainstorm/78738-1776558687/content/waiting.html"}
{"type":"screen-added","file":"/Users/maramire2001/Desktop/LICIT-AI/.superpowers/brainstorm/78738-1776558687/content/radar-reveal.html"}
{"type":"screen-updated","file":"/Users/maramire2001/Desktop/LICIT-AI/.superpowers/brainstorm/78738-1776558687/content/radar-reveal.html"}
{"type":"screen-updated","file":"/Users/maramire2001/Desktop/LICIT-AI/.superpowers/brainstorm/78738-1776558687/content/radar-reveal.html"}
{"type":"screen-added","file":"/Users/maramire2001/Desktop/LICIT-AI/.superpowers/brainstorm/78738-1776558687/content/anatomia-reveal.html"}
{"type":"screen-updated","file":"/Users/maramire2001/Desktop/LICIT-AI/.superpowers/brainstorm/78738-1776558687/content/anatomia-reveal.html"}
{"type":"screen-updated","file":"/Users/maramire2001/Desktop/LICIT-AI/.superpowers/brainstorm/78738-1776558687/content/anatomia-reveal.html"}
{"type":"screen-updated","file":"/Users/maramire2001/Desktop/LICIT-AI/.superpowers/brainstorm/78738-1776558687/content/anatomia-reveal.html"}
{"type":"screen-added","file":"/Users/maramire2001/Desktop/LICIT-AI/.superpowers/brainstorm/78738-1776558687/content/pago-complejidad.html"}
{"type":"screen-updated","file":"/Users/maramire2001/Desktop/LICIT-AI/.superpowers/brainstorm/78738-1776558687/content/pago-complejidad.html"}
{"type":"screen-updated","file":"/Users/maramire2001/Desktop/LICIT-AI/.superpowers/brainstorm/78738-1776558687/content/pago-complejidad.html"}
{"type":"screen-updated","file":"/Users/maramire2001/Desktop/LICIT-AI/.superpowers/brainstorm/78738-1776558687/content/pago-complejidad.html"}
{"type":"screen-added","file":"/Users/maramire2001/Desktop/LICIT-AI/.superpowers/brainstorm/78738-1776558687/content/vault-inteligente.html"}
{"type":"screen-updated","file":"/Users/maramire2001/Desktop/LICIT-AI/.superpowers/brainstorm/78738-1776558687/content/vault-inteligente.html"}
{"type":"screen-updated","file":"/Users/maramire2001/Desktop/LICIT-AI/.superpowers/brainstorm/78738-1776558687/content/vault-inteligente.html"}
{"type":"screen-updated","file":"/Users/maramire2001/Desktop/LICIT-AI/.superpowers/brainstorm/78738-1776558687/content/vault-inteligente.html"}
{"type":"screen-added","file":"/Users/maramire2001/Desktop/LICIT-AI/.superpowers/brainstorm/78738-1776558687/content/expediente-final.html"}
{"type":"screen-updated","file":"/Users/maramire2001/Desktop/LICIT-AI/.superpowers/brainstorm/78738-1776558687/content/expediente-final.html"}
{"type":"screen-updated","file":"/Users/maramire2001/Desktop/LICIT-AI/.superpowers/brainstorm/78738-1776558687/content/expediente-final.html"}
{"type":"screen-updated","file":"/Users/maramire2001/Desktop/LICIT-AI/.superpowers/brainstorm/78738-1776558687/content/expediente-final.html"}
{"type":"screen-added","file":"/Users/maramire2001/Desktop/LICIT-AI/.superpowers/brainstorm/78738-1776558687/content/waiting-2.html"}
{"type":"screen-updated","file":"/Users/maramire2001/Desktop/LICIT-AI/.superpowers/brainstorm/78738-1776558687/content/waiting-2.html"}
{"type":"screen-updated","file":"/Users/maramire2001/Desktop/LICIT-AI/.superpowers/brainstorm/78738-1776558687/content/waiting-2.html"}
{"type":"screen-updated","file":"/Users/maramire2001/Desktop/LICIT-AI/.superpowers/brainstorm/78738-1776558687/content/waiting-2.html"}
{"type":"server-stopped","reason":"idle timeout"}
